[2024-02-11 20:46:02.035] [DISPLAY] [Main ] [sysinfo] OS Version: Major: 10 Minor: 0 Build: 22631 Service Pack: 
[2024-02-11 20:46:02.055] [DISPLAY] [Main ] [main] Working directory: C:\Program Files\Rockstar Games\Launcher
[2024-02-11 20:46:02.068] [DISPLAY] [Main ] [minmode] Running in Steam mode
[2024-02-11 20:46:02.068] [DISPLAY] [Main ] [minmode] Steam App Id: 1174180
[2024-02-11 20:46:02.068] [DISPLAY] [Main ] [minmode] Title Id: rdr2
[2024-02-11 20:46:02.069] [DISPLAY] [Main ] [minmode] Location: C:\Program Files (x86)\Steam\steamapps\common\Red Dead Redemption 2
[2024-02-11 20:46:02.069] [DISPLAY] [Main ] [launcher] Opening log file.
[2024-02-11 20:46:02.071] [DISPLAY] [Main ] [main] Command line: "C:\Program Files\Rockstar Games\Launcher\Launcher.exe" -skipPatcherCheck -steamAppId=1174180 -steamLocation "C:\Program Files (x86)\Steam\steamapps\common\Red Dead Redemption 2" @args.txt
[2024-02-11 20:46:02.071] [DISPLAY] [Main ] [main] P4 Version: 
[2024-02-11 20:46:02.071] [DISPLAY] [Main ] [main] RGL Branch: release_15
[2024-02-11 20:46:02.071] [DISPLAY] [Main ] [main] Version: 1.0.84.1856
[2024-02-11 20:46:02.071] [DISPLAY] [Main ] [main] Parameters:
[2024-02-11 20:46:02.071] [DISPLAY] [Main ] [main]     C:\Program Files\Rockstar Games\Launcher\Launcher.exe
[2024-02-11 20:46:02.071] [DISPLAY] [Main ] [main]     -skipPatcherCheck
[2024-02-11 20:46:02.071] [DISPLAY] [Main ] [main]     -steamAppId=1174180
[2024-02-11 20:46:02.071] [DISPLAY] [Main ] [main]     -steamLocation
[2024-02-11 20:46:02.071] [DISPLAY] [Main ] [main]     C:\Program Files (x86)\Steam\steamapps\common\Red Dead Redemption 2
[2024-02-11 20:46:02.071] [DISPLAY] [Main ] [main]     @args.txt
[2024-02-11 20:46:02.093] [DISPLAY] [Main ] [titlemanager] Installed titles:
[2024-02-11 20:46:02.093] [DISPLAY] [Main ] [titlemanager]  Title                             Progress               Version              Location                                                    
[2024-02-11 20:46:02.341] [DISPLAY] [Main ] [svc] Service version: 1.0.84.1856 (1.0.84.1856)
[2024-02-11 20:46:02.689] [DISPLAY] [Main ] [fileutils] Version: 2.2.7.0 | 1.0.84.1856 | FFP
[2024-02-11 20:46:02.727] [DISPLAY] [Workr] [selfupdate] Up-to-date.
[2024-02-11 20:46:02.955] [DISPLAY] [Main ] [systemtray] System tray: enabled
[2024-02-11 20:46:02.959] [DISPLAY] [Main ] [launcher] Passed check: majorVersion(10.0.22631) >= 10
[2024-02-11 20:46:03.126] [DISPLAY] [bgsvc] [svc] Received response from service.
[2024-02-11 20:46:03.156] [DISPLAY] [Workr] [idownloader] Starting download of 'https://gamedownloads-rockstargames-com.akamaized.net/public/launcher_online_config.xml'
[2024-02-11 20:46:03.301] [DISPLAY] [Workr] [idownloader] Completed download of 'https://gamedownloads-rockstargames-com.akamaized.net/public/launcher_online_config.xml' (status: 0/200)
[2024-02-11 20:46:03.301] [DISPLAY] [Workr] [titlemanager] Downloading title list...
[2024-02-11 20:46:03.310] [DISPLAY] [Workr] [idownloader] Starting download of 'https://gamedownloads-rockstargames-com.akamaized.net/public/title_metadata.json'
[2024-02-11 20:46:03.413] [DISPLAY] [Workr] [idownloader] Completed download of 'https://gamedownloads-rockstargames-com.akamaized.net/public/title_metadata.json' (status: 0/200)
[2024-02-11 20:46:03.480] [DISPLAY] [Workr] [titlemanager] Downloading default title list (SCS)...
[2024-02-11 20:46:03.480] [DISPLAY] [Workr] [idownloader] Starting download of 'https://rgl-prod.ros.rockstargames.com/launcher/11/LauncherServices/App.asmx/GetDefaultApps?accessToken='
[2024-02-11 20:46:05.189] [DISPLAY] [Workr] [idownloader] Completed download of 'https://rgl-prod.ros.rockstargames.com/launcher/11/LauncherServices/App.asmx/GetDefaultApps?accessToken=' (status: 0/200)
[2024-02-11 20:46:05.189] [DISPLAY] [Workr] [titlemanager] Title list updated.
[2024-02-11 20:46:05.189] [DISPLAY] [Workr] [launcher] Checking for self-update...
[2024-02-11 20:46:05.194] [DISPLAY] [Workr] [statuschecker] Title Rockstar Games Launcher: No update
[2024-02-11 20:46:05.197] [DISPLAY] [Workr] [launcher] No self-update, continuing.
[2024-02-11 20:46:05.197] [DISPLAY] [Workr] [launcher] Checking for prerequisite updates...
[2024-02-11 20:46:05.297] [DISPLAY] [Workr] [preqmanager] The Social Club version available matches that currently installed (both: 2.2.7.0)
[2024-02-11 20:46:05.297] [DISPLAY] [Workr] [titleupdater] No prerequisites to install.
[2024-02-11 20:46:05.297] [DISPLAY] [Workr] [launcher] Checking minimum SDK requirement
[2024-02-11 20:46:05.318] [DISPLAY] [Workr] [launcher] Completed Social Club Pre-initialization tasks
[2024-02-11 20:46:07.681] [DISPLAY] [Main ] [launcher] Social Club UI has started.
[2024-02-11 20:46:07.682] [DISPLAY] [Main ] [external] Notifying Social Club UI about external launch...
[2024-02-11 20:46:07.682] [DISPLAY] [Admin] [external] Setting up Steam title...
[2024-02-11 20:46:07.683] [DISPLAY] [Admin] [titlemanager] Skipping title metadata download as it is available and less old (0 minutes) than the refresh delay (60 minutes).
[2024-02-11 20:46:07.683] [DISPLAY] [Admin] [external] Ready to attempt a launch.
[2024-02-11 20:46:11.436] [DISPLAY] [Main ] [launcher] Presence Event - Signed In
[2024-02-11 20:46:11.436] [DISPLAY] [Main ] [launcher] User 'Edyrobinson' is now signed in
[2024-02-11 20:46:11.475] [DISPLAY] [Main ] [launcher] Presence Event :: Went Online
[2024-02-11 20:46:11.476] [DISPLAY] [Main ] [external] Preparing to update/launch...
[2024-02-11 20:46:11.476] [DISPLAY] [Admin] [titlemanager] Downloading title list...
[2024-02-11 20:46:11.476] [DISPLAY] [Admin] [titlemanager] Skipping title metadata download as it is available and less old (0 minutes) than the refresh delay (60 minutes).
[2024-02-11 20:46:11.476] [DISPLAY] [Admin] [titlemanager] Downloading title list (SCS)...
[2024-02-11 20:46:11.476] [DISPLAY] [Main ] [launcher] Time to start up: 9498 ms
[2024-02-11 20:46:11.485] [DISPLAY] [Main ] [ui_mainwindow] Using DPI 96,96
[2024-02-11 20:46:11.485] [DISPLAY] [Main ] [ui_mainwindow] Using UI Scale: 1.00
[2024-02-11 20:46:11.486] [DISPLAY] [Main ] [ui_mainwindow] Using saved geometry: 320,276 (1280 x 600)
[2024-02-11 20:46:11.580] [DISPLAY] [Main ] [systemtray] System tray: enabled
[2024-02-11 20:46:11.588] [DISPLAY] [Main ] [scuicallbacks] Enabling Downloading
[2024-02-11 20:46:11.640] [DISPLAY] [Main ] [launcher] Friend Event - Friends are Available
[2024-02-11 20:46:11.994] [DISPLAY] [Main ] [scuicallbacks] Setting updated
[2024-02-11 20:46:11.994] [DISPLAY] [Main ] [scuicallbacks] Launch requested
[2024-02-11 20:46:11.994] [DISPLAY] [Main ] [scuicallbacks] Launch requested by user: rdr2, 
[2024-02-11 20:46:11.994] [DISPLAY] [Main ] [external] Attempting external title launch...
[2024-02-11 20:46:13.253] [DISPLAY] [Admin] [titlemanager] Title list updated.
[2024-02-11 20:46:13.255] [DISPLAY] [Admin] [external] Ready to attempt a launch.
[2024-02-11 20:46:13.255] [DISPLAY] [Admin] [external] Attempting Steam launch. User is 'N3V3RMoR3'
[2024-02-11 20:46:13.356] [DISPLAY] [10312] [gamelaunch] RGL is up to date (current: 1.0.84.1856, minimum: 1.0.33.319)
[2024-02-11 20:46:13.358] [DISPLAY] [10312] [gamelaunch] Red Dead Redemption 2 is up to date (current: 1.0.1491.18, minimum: 1.0.1355.18)
[2024-02-11 20:46:15.477] [DISPLAY] [Admin] [titlemanager] Downloading title list...
[2024-02-11 20:46:15.477] [DISPLAY] [Admin] [titlemanager] Skipping title metadata download as it is available and less old (0 minutes) than the refresh delay (60 minutes).
[2024-02-11 20:46:15.477] [DISPLAY] [Admin] [titlemanager] Downloading title list (SCS)...
[2024-02-11 20:46:17.035] [DISPLAY] [Admin] [titlemanager] Title list updated.
[2024-02-11 20:46:20.709] [DISPLAY] [Main ] [cloudsaveop] Cloud Save sync requested for title 'rdr2'
[2024-02-11 20:46:20.727] [DISPLAY] [Main ] [cloudsaveop] Starting cloud save enabled check for title 'rdr2'
[2024-02-11 20:46:20.734] [DISPLAY] [Main ] [cloudsaveop] Received cloud saves enabled state for title 'rdr2' = enabled
[2024-02-11 20:46:20.734] [DISPLAY] [Main ] [cloudsaveop] Identifying potential cloud save conflicts for title 'rdr2'
[2024-02-11 20:46:22.057] [DISPLAY] [Main ] [cloudsaveop] Received modification list of cloud save files for title 'rdr2'
[2024-02-11 20:46:22.057] [DISPLAY] [Main ] [cloudsaveop] Retrieving conflict metadata for title 'rdr2'
[2024-02-11 20:46:22.075] [DISPLAY] [Main ] [cloudsaveop] Downloaded conflict metadata for title 'rdr2'
[2024-02-11 20:46:22.075] [DISPLAY] [Main ] [cloudsaveop] Posting updated files for title 'rdr2'
[2024-02-11 20:46:22.092] [DISPLAY] [Main ] [cloudsaveop] File uploading completed for title 'rdr2'
[2024-02-11 20:46:22.092] [DISPLAY] [Main ] [cloudsaveop] Getting update files for title 'rdr2'
[2024-02-11 20:46:22.109] [DISPLAY] [Main ] [cloudsaveop] File downloading completed for title 'rdr2'
[2024-02-11 20:46:22.109] [DISPLAY] [Main ] [cloudsaveop] Deleting updated files for title 'rdr2'
[2024-02-11 20:46:22.126] [DISPLAY] [Main ] [cloudsaveop] Files deletion completed for title 'rdr2'
[2024-02-11 20:46:22.126] [DISPLAY] [Main ] [cloudsaveop] Swapping updated files in place for title 'rdr2'
[2024-02-11 20:46:22.144] [DISPLAY] [Main ] [cloudsaveop] Finished syncing cloud saves for title 'rdr2'
[2024-02-11 20:46:22.238] [DISPLAY] [net1 ] [audio] Valid Audio Device: true
[2024-02-11 20:46:23.972] [DISPLAY] [10312] [gamelaunch] Launching game...
[2024-02-11 20:46:23.972] [DISPLAY] [10312] [gamelaunch]  Path: C:\Program Files (x86)\Steam\steamapps\common\Red Dead Redemption 2\RDR2.exe
[2024-02-11 20:46:23.972] [DISPLAY] [10312] [gamelaunch]  Command Line: "C:\Program Files (x86)\Steam\steamapps\common\Red Dead Redemption 2\RDR2.exe" -skipPatcherCheck -steamLocation "C:\Program Files (x86)\Steam\steamapps\common\Red Dead Redemption 2" @args.txt @commandline.txt -enableCrashpad -useSteam -steamAppId=1174180 -scCommerceProvider=4
[2024-02-11 20:46:23.972] [DISPLAY] [10312] [gamelaunch]  Working Directory: C:\Program Files (x86)\Steam\steamapps\common\Red Dead Redemption 2
[2024-02-11 21:46:03.323] [DISPLAY] [Admin] [idownloader] Starting download of 'https://gamedownloads-rockstargames-com.akamaized.net/public/launcher_online_config.xml'
[2024-02-11 21:46:03.840] [DISPLAY] [Admin] [idownloader] Completed download of 'https://gamedownloads-rockstargames-com.akamaized.net/public/launcher_online_config.xml' (status: 0/200)
[2024-02-11 21:47:23.023] [DISPLAY] [10312] [gamelaunch] Game exited with code 0x0 (0)
[2024-02-11 21:47:23.029] [DISPLAY] [10312] [crashdetection] Reading game exit file...
[2024-02-11 21:47:23.030] [DISPLAY] [10312] [crashdetection] Updating exit code: 0x00000000
[2024-02-11 21:47:23.030] [WARNING] [10312] [crashdetection] Not found: ERROR_FILE_HASH
[2024-02-11 21:47:23.030] [DISPLAY] [10312] [crashdetection] No additional error information found.
[2024-02-11 21:47:23.030] [WARNING] [10312] [crashdetection] Not found: ERROR_MESSAGE
[2024-02-11 21:47:23.030] [DISPLAY] [10312] [crashdetection] No additional error message found.
[2024-02-11 21:47:23.030] [DISPLAY] [10312] [crashdetection] Deleting game exit file...
[2024-02-11 21:47:23.031] [DISPLAY] [10312] [crashdetection] Exit code 0x0 indicates a clean game shutdown
[2024-02-11 21:47:23.071] [DISPLAY] [Main ] [cloudsaveop] Cloud Save sync requested for title 'rdr2'
[2024-02-11 21:47:23.088] [DISPLAY] [Main ] [cloudsaveop] Starting cloud save enabled check for title 'rdr2'
[2024-02-11 21:47:23.091] [DISPLAY] [Main ] [cloudsaveop] Received cloud saves enabled state for title 'rdr2' = enabled
[2024-02-11 21:47:23.091] [DISPLAY] [Main ] [cloudsaveop] Title access token was missing or expired, refreshing access for title 'rdr2'
[2024-02-11 21:47:23.092] [DISPLAY] [Main ] [cloudsaveop] Retrieving access token for title 'rdr2' (13)
[2024-02-11 21:47:24.489] [DISPLAY] [Main ] [cloudsaveop] Identifying potential cloud save conflicts for title 'rdr2'
[2024-02-11 21:47:25.700] [DISPLAY] [Main ] [cloudsaveop] Received modification list of cloud save files for title 'rdr2'
[2024-02-11 21:47:25.700] [DISPLAY] [Main ] [cloudsaveop] Retrieving conflict metadata for title 'rdr2'
[2024-02-11 21:47:25.719] [DISPLAY] [Main ] [cloudsaveop] Downloaded conflict metadata for title 'rdr2'
[2024-02-11 21:47:25.720] [DISPLAY] [Main ] [cloudsaveop] Posting updated files for title 'rdr2'
[2024-02-11 21:47:33.243] [DISPLAY] [Main ] [cloudsaveop] File uploading completed for title 'rdr2'
[2024-02-11 21:47:33.243] [DISPLAY] [Main ] [cloudsaveop] Getting update files for title 'rdr2'
[2024-02-11 21:47:33.260] [DISPLAY] [Main ] [cloudsaveop] File downloading completed for title 'rdr2'
[2024-02-11 21:47:33.260] [DISPLAY] [Main ] [cloudsaveop] Deleting updated files for title 'rdr2'
[2024-02-11 21:47:33.278] [DISPLAY] [Main ] [cloudsaveop] Files deletion completed for title 'rdr2'
[2024-02-11 21:47:33.278] [DISPLAY] [Main ] [cloudsaveop] Swapping updated files in place for title 'rdr2'
[2024-02-11 21:47:33.303] [DISPLAY] [Main ] [cloudsaveop] Finished syncing cloud saves for title 'rdr2'
[2024-02-11 21:47:34.663] [DISPLAY] [10312] [launcher] Shutdown requested! Forced: false
[2024-02-11 21:47:34.674] [DISPLAY] [Main ] [launcher] StartShutdown - Now in progress
[2024-02-11 21:47:36.357] [DISPLAY] [Main ] [app] Application quit requested (exit code: 0)
[2024-02-11 21:47:36.425] [DISPLAY] [Main ] [svc] Stopping the background service.
