[2024-02-11 01:04:10.623] [DISPLAY] [Main ] [sysinfo] OS Version: Major: 10 Minor: 0 Build: 22631 Service Pack: 
[2024-02-11 01:04:10.640] [DISPLAY] [Main ] [main] Working directory: C:\Program Files\Rockstar Games\Launcher
[2024-02-11 01:04:10.653] [DISPLAY] [Main ] [minmode] Running in Steam mode
[2024-02-11 01:04:10.653] [DISPLAY] [Main ] [minmode] Steam App Id: 1174180
[2024-02-11 01:04:10.653] [DISPLAY] [Main ] [minmode] Title Id: rdr2
[2024-02-11 01:04:10.653] [DISPLAY] [Main ] [minmode] Location: C:\Program Files (x86)\Steam\steamapps\common\Red Dead Redemption 2
[2024-02-11 01:04:10.653] [DISPLAY] [Main ] [launcher] Opening log file.
[2024-02-11 01:04:10.654] [DISPLAY] [Main ] [main] Command line: "C:\Program Files\Rockstar Games\Launcher\Launcher.exe" -skipPatcherCheck -steamAppId=1174180 -steamLocation "C:\Program Files (x86)\Steam\steamapps\common\Red Dead Redemption 2" @args.txt -upgrade
[2024-02-11 01:04:10.654] [DISPLAY] [Main ] [main] P4 Version: 
[2024-02-11 01:04:10.654] [DISPLAY] [Main ] [main] RGL Branch: release_15
[2024-02-11 01:04:10.654] [DISPLAY] [Main ] [main] Version: 1.0.84.1856
[2024-02-11 01:04:10.654] [DISPLAY] [Main ] [main] Parameters:
[2024-02-11 01:04:10.654] [DISPLAY] [Main ] [main]     C:\Program Files\Rockstar Games\Launcher\Launcher.exe
[2024-02-11 01:04:10.654] [DISPLAY] [Main ] [main]     -skipPatcherCheck
[2024-02-11 01:04:10.654] [DISPLAY] [Main ] [main]     -steamAppId=1174180
[2024-02-11 01:04:10.654] [DISPLAY] [Main ] [main]     -steamLocation
[2024-02-11 01:04:10.654] [DISPLAY] [Main ] [main]     C:\Program Files (x86)\Steam\steamapps\common\Red Dead Redemption 2
[2024-02-11 01:04:10.654] [DISPLAY] [Main ] [main]     @args.txt
[2024-02-11 01:04:10.654] [DISPLAY] [Main ] [main]     -upgrade
[2024-02-11 01:04:10.665] [DISPLAY] [Main ] [titlemanager] Installed titles:
[2024-02-11 01:04:10.665] [DISPLAY] [Main ] [titlemanager]  Title                             Progress               Version              Location                                                    
[2024-02-11 01:04:10.669] [DISPLAY] [Main ] [preqmanager] Could not get preq list from disk; no preqs known to be installed.
[2024-02-11 01:04:10.671] [DISPLAY] [Main ] [svc] Service version: 1.0.84.1856 (1.0.84.1856)
[2024-02-11 01:04:10.771] [DISPLAY] [Main ] [fileutils] Version: 2.2.7.0 | 1.0.84.1856 | FFP
[2024-02-11 01:04:10.792] [DISPLAY] [Workr] [selfupdate] Up-to-date.
[2024-02-11 01:04:11.015] [DISPLAY] [Main ] [systemtray] System tray: enabled
[2024-02-11 01:04:11.018] [DISPLAY] [Main ] [launcher] Passed check: majorVersion(10.0.22631) >= 10
[2024-02-11 01:04:11.122] [DISPLAY] [bgsvc] [svc] Received response from service.
[2024-02-11 01:04:11.142] [DISPLAY] [Workr] [idownloader] Starting download of 'https://gamedownloads-rockstargames-com.akamaized.net/public/launcher_online_config.xml'
[2024-02-11 01:04:11.284] [DISPLAY] [Workr] [idownloader] Completed download of 'https://gamedownloads-rockstargames-com.akamaized.net/public/launcher_online_config.xml' (status: 0/200)
[2024-02-11 01:04:11.284] [DISPLAY] [Workr] [titlemanager] Downloading title list...
[2024-02-11 01:04:11.291] [DISPLAY] [Workr] [idownloader] Starting download of 'https://gamedownloads-rockstargames-com.akamaized.net/public/title_metadata.json'
[2024-02-11 01:04:11.394] [DISPLAY] [Workr] [idownloader] Completed download of 'https://gamedownloads-rockstargames-com.akamaized.net/public/title_metadata.json' (status: 0/200)
[2024-02-11 01:04:11.444] [DISPLAY] [Workr] [titlemanager] Downloading default title list (SCS)...
[2024-02-11 01:04:11.444] [DISPLAY] [Workr] [idownloader] Starting download of 'https://rgl-prod.ros.rockstargames.com/launcher/11/LauncherServices/App.asmx/GetDefaultApps?accessToken='
[2024-02-11 01:04:12.862] [DISPLAY] [Workr] [idownloader] Completed download of 'https://rgl-prod.ros.rockstargames.com/launcher/11/LauncherServices/App.asmx/GetDefaultApps?accessToken=' (status: 0/200)
[2024-02-11 01:04:12.862] [DISPLAY] [Workr] [titlemanager] Title list updated.
[2024-02-11 01:04:12.862] [DISPLAY] [Workr] [launcher] Checking for prerequisite updates...
[2024-02-11 01:04:13.013] [DISPLAY] [Workr] [preqmanager] The Social Club version available matches that currently installed (both: 2.2.7.0)
[2024-02-11 01:04:13.013] [DISPLAY] [Workr] [titleupdater] Installing prerequisites for title launcher
[2024-02-11 01:04:13.013] [DISPLAY] [Workr] [preqmanager] Installer version: 2.2.7.0
[2024-02-11 01:04:13.013] [DISPLAY] [Workr] [preqmanager] About to launch process: C:\Program Files\Rockstar Games\Launcher\Redistributables\SocialClub\Social-Club-Setup.exe (with commandline: /silent)
[2024-02-11 01:04:15.824] [DISPLAY] [Workr] [launcher] Checking minimum SDK requirement
[2024-02-11 01:04:15.943] [DISPLAY] [Workr] [launcher] Completed Social Club Pre-initialization tasks
[2024-02-11 01:04:17.972] [DISPLAY] [Main ] [launcher] Social Club UI has started.
[2024-02-11 01:04:17.973] [DISPLAY] [Main ] [external] Notifying Social Club UI about external launch...
[2024-02-11 01:04:17.973] [DISPLAY] [Admin] [external] Setting up Steam title...
[2024-02-11 01:04:17.973] [DISPLAY] [Admin] [idownloader] Starting download of 'https://gamedownloads-rockstargames-com.akamaized.net/public/title_metadata.json'
[2024-02-11 01:04:18.225] [DISPLAY] [Admin] [idownloader] Completed download of 'https://gamedownloads-rockstargames-com.akamaized.net/public/title_metadata.json' (status: 0/200)
[2024-02-11 01:04:18.281] [DISPLAY] [Admin] [external] Ready to attempt a launch.
[2024-02-11 01:04:20.603] [DISPLAY] [Main ] [launcher] Time to start up: 10022 ms
[2024-02-11 01:04:20.616] [DISPLAY] [Main ] [ui_mainwindow] Using DPI 96,96
[2024-02-11 01:04:20.616] [DISPLAY] [Main ] [ui_mainwindow] Using UI Scale: 1.00
[2024-02-11 01:04:20.616] [DISPLAY] [Main ] [ui_mainwindow] Centering on monitor: 320,276 (1280 x 600)
[2024-02-11 01:04:20.704] [DISPLAY] [Main ] [systemtray] System tray: enabled
[2024-02-11 01:06:51.541] [DISPLAY] [Main ] [launcher] Presence Event - Signed In
[2024-02-11 01:06:51.541] [DISPLAY] [Main ] [launcher] User 'Edyrobinson' is now signed in
[2024-02-11 01:06:51.558] [WARNING] [Main ] [settingsmanager] Couldn't read settings file C:\Users\edwar\Documents\Rockstar Games\Launcher\Profiles\CDB44BD6\settings_account.dat; using defaults.
[2024-02-11 01:06:51.559] [DISPLAY] [Main ] [launcher] Presence Event :: Went Online
[2024-02-11 01:06:51.559] [DISPLAY] [Main ] [external] Preparing to update/launch...
[2024-02-11 01:06:51.559] [DISPLAY] [Admin] [titlemanager] Downloading title list...
[2024-02-11 01:06:51.559] [DISPLAY] [Admin] [idownloader] Starting download of 'https://gamedownloads-rockstargames-com.akamaized.net/public/title_metadata.json'
[2024-02-11 01:06:51.665] [DISPLAY] [Main ] [scuicallbacks] Enabling Downloading
[2024-02-11 01:06:51.716] [DISPLAY] [Main ] [launcher] Friend Event - Friends are Available
[2024-02-11 01:06:51.811] [DISPLAY] [Admin] [idownloader] Completed download of 'https://gamedownloads-rockstargames-com.akamaized.net/public/title_metadata.json' (status: 0/200)
[2024-02-11 01:06:51.867] [DISPLAY] [Admin] [titlemanager] Downloading title list (SCS)...
[2024-02-11 01:06:52.074] [DISPLAY] [Main ] [scuicallbacks] Setting updated
[2024-02-11 01:06:52.074] [DISPLAY] [Main ] [scuicallbacks] Launch requested
[2024-02-11 01:06:52.074] [DISPLAY] [Main ] [scuicallbacks] Launch requested by user: rdr2, 
[2024-02-11 01:06:52.074] [DISPLAY] [Main ] [external] Attempting external title launch...
[2024-02-11 01:06:53.445] [DISPLAY] [Admin] [titlemanager] Title list updated.
[2024-02-11 01:06:53.451] [DISPLAY] [Admin] [external] Ready to attempt a launch.
[2024-02-11 01:06:53.451] [DISPLAY] [Admin] [external] Attempting Steam launch. User is 'N3V3RMoR3'
[2024-02-11 01:06:53.894] [DISPLAY] [16840] [gamelaunch] RGL is up to date (current: 1.0.84.1856, minimum: 1.0.33.319)
[2024-02-11 01:06:53.895] [DISPLAY] [16840] [gamelaunch] Red Dead Redemption 2 is up to date (current: 1.0.1491.18, minimum: 1.0.1355.18)
[2024-02-11 01:06:55.758] [DISPLAY] [Admin] [titlemanager] Downloading title list...
[2024-02-11 01:06:55.759] [DISPLAY] [Admin] [idownloader] Starting download of 'https://gamedownloads-rockstargames-com.akamaized.net/public/title_metadata.json'
[2024-02-11 01:06:56.394] [DISPLAY] [Admin] [idownloader] Completed download of 'https://gamedownloads-rockstargames-com.akamaized.net/public/title_metadata.json' (status: 0/200)
[2024-02-11 01:06:56.450] [DISPLAY] [Admin] [titlemanager] Downloading title list (SCS)...
[2024-02-11 01:06:57.966] [DISPLAY] [Admin] [titlemanager] Title list updated.
[2024-02-11 01:07:01.161] [DISPLAY] [Main ] [cloudsaveop] Cloud Save sync requested for title 'rdr2'
[2024-02-11 01:07:01.179] [DISPLAY] [Main ] [cloudsaveop] Starting cloud save enabled check for title 'rdr2'
[2024-02-11 01:07:04.875] [DISPLAY] [Main ] [cloudsaveop] Received cloud saves enabled state for title 'rdr2' = enabled
[2024-02-11 01:07:04.875] [DISPLAY] [Main ] [cloudsaveop] Identifying potential cloud save conflicts for title 'rdr2'
[2024-02-11 01:07:06.129] [DISPLAY] [Main ] [cloudsaveop] Received modification list of cloud save files for title 'rdr2'
[2024-02-11 01:07:06.129] [DISPLAY] [Main ] [cloudsaveop] Retrieving conflict metadata for title 'rdr2'
[2024-02-11 01:07:06.146] [DISPLAY] [Main ] [cloudsaveop] Downloaded conflict metadata for title 'rdr2'
[2024-02-11 01:07:06.146] [DISPLAY] [Main ] [cloudsaveop] Posting updated files for title 'rdr2'
[2024-02-11 01:07:06.163] [DISPLAY] [Main ] [cloudsaveop] File uploading completed for title 'rdr2'
[2024-02-11 01:07:06.163] [DISPLAY] [Main ] [cloudsaveop] Getting update files for title 'rdr2'
[2024-02-11 01:07:06.180] [DISPLAY] [Main ] [cloudsaveop] File downloading completed for title 'rdr2'
[2024-02-11 01:07:06.180] [DISPLAY] [Main ] [cloudsaveop] Deleting updated files for title 'rdr2'
[2024-02-11 01:07:06.198] [DISPLAY] [Main ] [cloudsaveop] Files deletion completed for title 'rdr2'
[2024-02-11 01:07:06.198] [DISPLAY] [Main ] [cloudsaveop] Swapping updated files in place for title 'rdr2'
[2024-02-11 01:07:06.214] [DISPLAY] [Main ] [cloudsaveop] Finished syncing cloud saves for title 'rdr2'
[2024-02-11 01:07:06.263] [DISPLAY] [net1 ] [audio] Valid Audio Device: true
[2024-02-11 01:07:08.054] [DISPLAY] [16840] [gamelaunch] Launching game...
[2024-02-11 01:07:08.054] [DISPLAY] [16840] [gamelaunch]  Path: C:\Program Files (x86)\Steam\steamapps\common\Red Dead Redemption 2\RDR2.exe
[2024-02-11 01:07:08.054] [DISPLAY] [16840] [gamelaunch]  Command Line: "C:\Program Files (x86)\Steam\steamapps\common\Red Dead Redemption 2\RDR2.exe" -skipPatcherCheck -steamLocation "C:\Program Files (x86)\Steam\steamapps\common\Red Dead Redemption 2" @args.txt -upgrade @commandline.txt -enableCrashpad -useSteam -steamAppId=1174180 -scCommerceProvider=4
[2024-02-11 01:07:08.054] [DISPLAY] [16840] [gamelaunch]  Working Directory: C:\Program Files (x86)\Steam\steamapps\common\Red Dead Redemption 2
[2024-02-11 01:10:07.776] [DISPLAY] [Main ] [sysinfo] Drive C:\ has 884.11 GB free, 1.76 TB total
[2024-02-11 01:10:07.776] [DISPLAY] [Main ] [sysinfo] Drive D:\ has 86.10 GB free, 104.23 GB total
[2024-02-11 01:10:07.883] [DISPLAY] [Main ] [sysinfo] Drive C:\ has 884.11 GB free, 1.76 TB total
[2024-02-11 01:10:07.883] [DISPLAY] [Main ] [sysinfo] Drive D:\ has 86.10 GB free, 104.23 GB total
[2024-02-11 01:46:30.401] [DISPLAY] [16840] [gamelaunch] Game exited with code 0x0 (0)
[2024-02-11 01:46:30.402] [DISPLAY] [16840] [crashdetection] Reading game exit file...
[2024-02-11 01:46:30.402] [DISPLAY] [16840] [crashdetection] Updating exit code: 0x00000000
[2024-02-11 01:46:30.402] [WARNING] [16840] [crashdetection] Not found: ERROR_FILE_HASH
[2024-02-11 01:46:30.402] [DISPLAY] [16840] [crashdetection] No additional error information found.
[2024-02-11 01:46:30.402] [WARNING] [16840] [crashdetection] Not found: ERROR_MESSAGE
[2024-02-11 01:46:30.402] [DISPLAY] [16840] [crashdetection] No additional error message found.
[2024-02-11 01:46:30.402] [DISPLAY] [16840] [crashdetection] Deleting game exit file...
[2024-02-11 01:46:30.402] [DISPLAY] [16840] [crashdetection] Exit code 0x0 indicates a clean game shutdown
[2024-02-11 01:46:30.425] [DISPLAY] [Main ] [cloudsaveop] Cloud Save sync requested for title 'rdr2'
[2024-02-11 01:46:30.442] [DISPLAY] [Main ] [cloudsaveop] Starting cloud save enabled check for title 'rdr2'
[2024-02-11 01:46:30.442] [DISPLAY] [Main ] [cloudsaveop] Received cloud saves enabled state for title 'rdr2' = enabled
[2024-02-11 01:46:30.442] [DISPLAY] [Main ] [cloudsaveop] Identifying potential cloud save conflicts for title 'rdr2'
[2024-02-11 01:46:31.684] [DISPLAY] [Main ] [cloudsaveop] Received modification list of cloud save files for title 'rdr2'
[2024-02-11 01:46:31.684] [DISPLAY] [Main ] [cloudsaveop] Retrieving conflict metadata for title 'rdr2'
[2024-02-11 01:46:31.701] [DISPLAY] [Main ] [cloudsaveop] Downloaded conflict metadata for title 'rdr2'
[2024-02-11 01:46:31.701] [DISPLAY] [Main ] [cloudsaveop] Posting updated files for title 'rdr2'
[2024-02-11 01:46:40.438] [DISPLAY] [Main ] [cloudsaveop] File uploading completed for title 'rdr2'
[2024-02-11 01:46:40.438] [DISPLAY] [Main ] [cloudsaveop] Getting update files for title 'rdr2'
[2024-02-11 01:46:40.455] [DISPLAY] [Main ] [cloudsaveop] File downloading completed for title 'rdr2'
[2024-02-11 01:46:40.455] [DISPLAY] [Main ] [cloudsaveop] Deleting updated files for title 'rdr2'
[2024-02-11 01:46:40.472] [DISPLAY] [Main ] [cloudsaveop] Files deletion completed for title 'rdr2'
[2024-02-11 01:46:40.472] [DISPLAY] [Main ] [cloudsaveop] Swapping updated files in place for title 'rdr2'
[2024-02-11 01:46:40.490] [DISPLAY] [Main ] [cloudsaveop] Finished syncing cloud saves for title 'rdr2'
[2024-02-11 01:46:41.885] [DISPLAY] [16840] [launcher] Shutdown requested! Forced: false
[2024-02-11 01:46:41.888] [DISPLAY] [Main ] [launcher] StartShutdown - Now in progress
[2024-02-11 01:46:43.534] [DISPLAY] [Main ] [app] Application quit requested (exit code: 0)
[2024-02-11 01:46:43.600] [DISPLAY] [Main ] [svc] Stopping the background service.
